[0.392s] Invoking command in '/home/hycon/autoware-1/my_package': PYTHONPATH=/home/hycon/autoware-1/my_package/build/my_package/prefix_override:/usr/lib/python3/dist-packages/colcon_core/task/python/colcon_distutils_commands:/home/hycon/autoware-1/my_package/install/my_package/lib/python3.10/site-packages:${PYTHONPATH} /usr/bin/python3 -W ignore:setup.py install is deprecated -W ignore:easy_install command is deprecated setup.py egg_info --egg-base build/my_package build --build-base /home/hycon/autoware-1/my_package/build/my_package/build install --record /home/hycon/autoware-1/my_package/build/my_package/install.log --single-version-externally-managed install_data
[0.516s] running egg_info
[0.516s] creating build/my_package/my_package.egg-info
[0.516s] writing build/my_package/my_package.egg-info/PKG-INFO
[0.517s] writing dependency_links to build/my_package/my_package.egg-info/dependency_links.txt
[0.517s] writing entry points to build/my_package/my_package.egg-info/entry_points.txt
[0.517s] writing requirements to build/my_package/my_package.egg-info/requires.txt
[0.517s] writing top-level names to build/my_package/my_package.egg-info/top_level.txt
[0.517s] writing manifest file 'build/my_package/my_package.egg-info/SOURCES.txt'
[0.518s] reading manifest file 'build/my_package/my_package.egg-info/SOURCES.txt'
[0.518s] adding license file 'LICENSE'
[0.518s] writing manifest file 'build/my_package/my_package.egg-info/SOURCES.txt'
[0.518s] running build
[0.518s] running build_py
[0.518s] creating /home/hycon/autoware-1/my_package/build/my_package/build
[0.518s] creating /home/hycon/autoware-1/my_package/build/my_package/build/lib
[0.519s] creating /home/hycon/autoware-1/my_package/build/my_package/build/lib/my_package
[0.519s] copying my_package/my_node.py -> /home/hycon/autoware-1/my_package/build/my_package/build/lib/my_package
[0.519s] copying my_package/__init__.py -> /home/hycon/autoware-1/my_package/build/my_package/build/lib/my_package
[0.519s] copying my_package/my_node (사본).py -> /home/hycon/autoware-1/my_package/build/my_package/build/lib/my_package
[0.519s] running install
[0.519s] running install_lib
[0.519s] creating /home/hycon/autoware-1/my_package/install/my_package/lib/python3.10/site-packages/my_package
[0.519s] copying /home/hycon/autoware-1/my_package/build/my_package/build/lib/my_package/my_node.py -> /home/hycon/autoware-1/my_package/install/my_package/lib/python3.10/site-packages/my_package
[0.519s] copying /home/hycon/autoware-1/my_package/build/my_package/build/lib/my_package/__init__.py -> /home/hycon/autoware-1/my_package/install/my_package/lib/python3.10/site-packages/my_package
[0.519s] copying /home/hycon/autoware-1/my_package/build/my_package/build/lib/my_package/my_node (사본).py -> /home/hycon/autoware-1/my_package/install/my_package/lib/python3.10/site-packages/my_package
[0.520s] byte-compiling /home/hycon/autoware-1/my_package/install/my_package/lib/python3.10/site-packages/my_package/my_node.py to my_node.cpython-310.pyc
[0.520s] byte-compiling /home/hycon/autoware-1/my_package/install/my_package/lib/python3.10/site-packages/my_package/__init__.py to __init__.cpython-310.pyc
[0.520s] byte-compiling /home/hycon/autoware-1/my_package/install/my_package/lib/python3.10/site-packages/my_package/my_node (사본).py to my_node (사본).cpython-310.pyc
[0.520s] running install_data
[0.520s] creating /home/hycon/autoware-1/my_package/install/my_package/share/ament_index
[0.520s] creating /home/hycon/autoware-1/my_package/install/my_package/share/ament_index/resource_index
[0.520s] creating /home/hycon/autoware-1/my_package/install/my_package/share/ament_index/resource_index/packages
[0.520s] copying resource/my_package -> /home/hycon/autoware-1/my_package/install/my_package/share/ament_index/resource_index/packages
[0.520s] copying package.xml -> /home/hycon/autoware-1/my_package/install/my_package/share/my_package
[0.521s] running install_egg_info
[0.521s] Copying build/my_package/my_package.egg-info to /home/hycon/autoware-1/my_package/install/my_package/lib/python3.10/site-packages/my_package-0.0.0-py3.10.egg-info
[0.522s] running install_scripts
[0.532s] Installing my_node script to /home/hycon/autoware-1/my_package/install/my_package/lib/my_package
[0.532s] writing list of installed files to '/home/hycon/autoware-1/my_package/build/my_package/install.log'
[0.542s] Invoked command in '/home/hycon/autoware-1/my_package' returned '0': PYTHONPATH=/home/hycon/autoware-1/my_package/build/my_package/prefix_override:/usr/lib/python3/dist-packages/colcon_core/task/python/colcon_distutils_commands:/home/hycon/autoware-1/my_package/install/my_package/lib/python3.10/site-packages:${PYTHONPATH} /usr/bin/python3 -W ignore:setup.py install is deprecated -W ignore:easy_install command is deprecated setup.py egg_info --egg-base build/my_package build --build-base /home/hycon/autoware-1/my_package/build/my_package/build install --record /home/hycon/autoware-1/my_package/build/my_package/install.log --single-version-externally-managed install_data
