[0.474s] Invoking command in '/home/hycon/autoware-1/my_package': PYTHONPATH=/home/hycon/autoware-1/my_package/build/my_package/prefix_override:/usr/lib/python3/dist-packages/colcon_core/task/python/colcon_distutils_commands:/home/hycon/autoware-1/my_package/install/my_package/lib/python3.10/site-packages:${PYTHONPATH} /usr/bin/python3 -W ignore:setup.py install is deprecated -W ignore:easy_install command is deprecated setup.py egg_info --egg-base build/my_package build --build-base /home/hycon/autoware-1/my_package/build/my_package/build install --record /home/hycon/autoware-1/my_package/build/my_package/install.log --single-version-externally-managed install_data
[0.648s] running egg_info
[0.649s] writing build/my_package/my_package.egg-info/PKG-INFO
[0.649s] writing dependency_links to build/my_package/my_package.egg-info/dependency_links.txt
[0.649s] writing entry points to build/my_package/my_package.egg-info/entry_points.txt
[0.649s] writing requirements to build/my_package/my_package.egg-info/requires.txt
[0.649s] writing top-level names to build/my_package/my_package.egg-info/top_level.txt
[0.650s] reading manifest file 'build/my_package/my_package.egg-info/SOURCES.txt'
[0.650s] adding license file 'LICENSE'
[0.651s] writing manifest file 'build/my_package/my_package.egg-info/SOURCES.txt'
[0.651s] running build
[0.651s] running build_py
[0.651s] copying my_package/autoware_loop_node.py -> /home/hycon/autoware-1/my_package/build/my_package/build/lib/my_package
[0.651s] running install
[0.651s] running install_lib
[0.652s] copying /home/hycon/autoware-1/my_package/build/my_package/build/lib/my_package/autoware_loop_node.py -> /home/hycon/autoware-1/my_package/install/my_package/lib/python3.10/site-packages/my_package
[0.652s] byte-compiling /home/hycon/autoware-1/my_package/install/my_package/lib/python3.10/site-packages/my_package/autoware_loop_node.py to autoware_loop_node.cpython-310.pyc
[0.653s] running install_data
[0.653s] copying package.xml -> /home/hycon/autoware-1/my_package/install/my_package/share/my_package
[0.653s] running install_egg_info
[0.654s] removing '/home/hycon/autoware-1/my_package/install/my_package/lib/python3.10/site-packages/my_package-0.0.0-py3.10.egg-info' (and everything under it)
[0.655s] Copying build/my_package/my_package.egg-info to /home/hycon/autoware-1/my_package/install/my_package/lib/python3.10/site-packages/my_package-0.0.0-py3.10.egg-info
[0.655s] running install_scripts
[0.670s] Installing autoware_loop_node script to /home/hycon/autoware-1/my_package/install/my_package/lib/my_package
[0.670s] Installing my_node script to /home/hycon/autoware-1/my_package/install/my_package/lib/my_package
[0.670s] writing list of installed files to '/home/hycon/autoware-1/my_package/build/my_package/install.log'
[0.682s] Invoked command in '/home/hycon/autoware-1/my_package' returned '0': PYTHONPATH=/home/hycon/autoware-1/my_package/build/my_package/prefix_override:/usr/lib/python3/dist-packages/colcon_core/task/python/colcon_distutils_commands:/home/hycon/autoware-1/my_package/install/my_package/lib/python3.10/site-packages:${PYTHONPATH} /usr/bin/python3 -W ignore:setup.py install is deprecated -W ignore:easy_install command is deprecated setup.py egg_info --egg-base build/my_package build --build-base /home/hycon/autoware-1/my_package/build/my_package/build install --record /home/hycon/autoware-1/my_package/build/my_package/install.log --single-version-externally-managed install_data
